CONSULTA: REST - GET /rest/?size=10

Response Time: 298.93 ms
TTFB: 298.93 ms
Payload Size: 46226 bytes
CPU Usage: 47.00 ms
Memory Usage: 24.61 MB
Errors: 0

====================================================

CONSULTA: REST - GET /rest/?size=100

Response Time: 303.38 ms
TTFB: 303.38 ms
Payload Size: 462451 bytes
CPU Usage: 78.00 ms
Memory Usage: 28.35 MB
Errors: 0

====================================================

CONSULTA: REST - GET /rest/?size=500

Response Time: 428.91 ms
TTFB: 428.91 ms
Payload Size: 2310522 bytes
CPU Usage: 125.00 ms
Memory Usage: 38.73 MB
Errors: 0

====================================================

CONSULTA: REST - GET /rest/?size=1000

Response Time: 533.61 ms
TTFB: 533.61 ms
Payload Size: 4625838 bytes
CPU Usage: 515.00 ms
Memory Usage: 53.23 MB
Errors: 0

====================================================

CONSULTA: REST - GET /rest/?size=5000

Response Time: 1171.72 ms
TTFB: 1171.72 ms
Payload Size: 22876366 bytes
CPU Usage: 1078.00 ms
Memory Usage: 158.71 MB
Errors: 0

====================================================

CONSULTA: REST - GET /rest/?size=10000

Response Time: 1939.28 ms
TTFB: 1939.28 ms
Payload Size: 44868646 bytes
CPU Usage: 1953.00 ms
Memory Usage: 239.30 MB
Errors: 0

====================================================

CONSULTA: REST - GET /rest/?size=25000

Response Time: 5182.49 ms
TTFB: 5182.49 ms
Payload Size: 110278683 bytes
CPU Usage: 5000.00 ms
Memory Usage: 769.47 MB
Errors: 0

====================================================

CONSULTA: REST - GET /rest/?size=100000

Response Time: 22245.08 ms
TTFB: 22245.08 ms
Payload Size: 437513907 bytes
CPU Usage: 26125.00 ms
Memory Usage: 1770.61 MB
Errors: 0

====================================================
* Postman indica "message": "Invalid string length"

CONSULTA: REST - GET /rest/?size=250000

Response Time: 47394.55 ms
TTFB: 47394.55 ms
Payload Size: 35 bytes
CPU Usage: 91063.00 ms
Memory Usage: 3021.59 MB
Errors: 1

====================================================
* Se probo con 7 gb de memoria RAM y se obtuvo el mismo resultado, por lo que se concluye que el error no es por falta de memoria, sino por el tamaño de la respuesta y los limites de v8 (1gb).
* Postman indica "message": "Invalid string length"
* node --max-old-space-size=7192 server.js

CONSULTA: REST - GET /rest/?size=250000

Response Time: 48036.72 ms
TTFB: 48036.72 ms
Payload Size: 35 bytes
CPU Usage: 84891.00 ms
Memory Usage: 2954.39 MB
Errors: 1

====================================================

CONSULTA: GraphQL - ObtenerTodo - limit 10 - offset 0

Response Time: 302.96 ms
TTFB: 302.77 ms
Payload Size: 45375 bytes
CPU Usage: 16.00 ms
Memory Usage: 25.83 MB
Errors: 0

====================================================

CONSULTA: GraphQL - ObtenerTodo - limit 100 - offset 0

Response Time: 311.66 ms
TTFB: 314.19 ms
Payload Size: 453218 bytes
CPU Usage: 126.00 ms
Memory Usage: 29.38 MB
Errors: 0

====================================================

CONSULTA: GraphQL - ObtenerTodo - limit 500 - offset 0

Response Time: 483.96 ms
TTFB: 492.83 ms
Payload Size: 2264126 bytes
CPU Usage: 343.00 ms
Memory Usage: 49.03 MB
Errors: 0

====================================================

CONSULTA: GraphQL - ObtenerTodo - limit 1000 - offset 0

Response Time: 578.29 ms
TTFB: 594.46 ms
Payload Size: 4532953 bytes
CPU Usage: 375.00 ms
Memory Usage: 61.66 MB
Errors: 0

====================================================

CONSULTA: GraphQL - ObtenerTodo - limit 5000 - offset 0

Response Time: 1277.66 ms
TTFB: 1354.56 ms
Payload Size: 22411510 bytes
CPU Usage: 1108.00 ms
Memory Usage: 210.98 MB
Errors: 0

====================================================

CONSULTA: GraphQL - ObtenerTodo - limit 10000 - offset 0

Response Time: 2139.38 ms
TTFB: 2287.20 ms
Payload Size: 43938841 bytes
CPU Usage: 2094.00 ms
Memory Usage: 269.78 MB
Errors: 0

====================================================

CONSULTA: GraphQL - ObtenerTodo - limit 25000 - offset 0

Response Time: 6084.64 ms
TTFB: 6512.62 ms
Payload Size: 107953857 bytes
CPU Usage: 6173.00 ms
Memory Usage: 1052.65 MB
Errors: 0

====================================================

CONSULTA: GraphQL - ObtenerTodo - limit 100000 - offset 0

Response Time: 24957.29 ms
TTFB: 26846.64 ms
Payload Size: 428214080 bytes
CPU Usage: 32391.00 ms
Memory Usage: 2530.52 MB
Errors: 0

====================================================

CONSULTA: GraphQL - ObtenerTodo - limit 250000 - offset 0

Código de error: Out of Memory - Crasheo el proceso de Node, no genero log.

Se repite para 500000 incluso con 7gb de RAM.

====================================================
* Se probo con 7 gb de memoria RAM y esta vez no creasheo node, pero se obtuvo esto en Yoga: "code": "INTERNAL_SERVER_ERROR"
* En node se obtuvo ERR RangeError: Invalid string length pero no cerro el proceso, continuo corriendo y genero log
* node --max-old-space-size=7192 server.js
* Consumo maximo de ram: 5639.98 gb

CONSULTA: GraphQL - ObtenerTodo - limit 250000 - offset 0

Response Time: 54011.80 ms
TTFB: 59170.07 ms
Payload Size: 0 bytes
CPU Usage: 103470.00 ms
Memory Usage: 4858.29 MB
Errors: 0

====================================================

CONSULTA: GraphQL - ObtenerTodo - limit 10 - offset 0

Response Time: 302.96 ms
TTFB: 302.77 ms
Payload Size: 45375 bytes
CPU Usage: 16.00 ms
Memory Usage: 25.83 MB
Errors: 0

====================================================

CONSULTA: GraphQL - ObtenerTodo - limit 10 - offset 100000

Response Time: 195.55 ms
TTFB: 195.43 ms
Payload Size: 43186 bytes
CPU Usage: 0.00 ms
Memory Usage: 25.54 MB
Errors: 0

====================================================

CONSULTA: GraphQL - ObtenerTodo - limit 10 - offset 500000

Response Time: 488.77 ms
TTFB: 488.79 ms
Payload Size: 42877 bytes
CPU Usage: 16.00 ms
Memory Usage: 28.27 MB
Errors: 0

====================================================

CONSULTA: GraphQL - ObtenerTodo - limit 10 - offset 900000

Response Time: 930.24 ms
TTFB: 930.07 ms
Payload Size: 43004 bytes
CPU Usage: 0.00 ms
Memory Usage: 26.67 MB
Errors: 0

====================================================

CONSULTA: GraphQL - ObtenerTodo - limit 10 - offset 999900

Response Time: 899.92 ms
TTFB: 900.14 ms
Payload Size: 42915 bytes
CPU Usage: 47.00 ms
Memory Usage: 27.17 MB
Errors: 0

====================================================

CONSULTA: REST - GET /rest/?size=10&offset=0

Response Time: 286.02 ms
TTFB: 286.02 ms
Payload Size: 46236 bytes
CPU Usage: 31.00 ms
Memory Usage: 23.69 MB
Errors: 0

====================================================

CONSULTA: REST - GET /rest/?size=10&offset=100000

Response Time: 289.44 ms
TTFB: 289.44 ms
Payload Size: 44046 bytes
CPU Usage: 16.00 ms
Memory Usage: 24.69 MB
Errors: 0

====================================================

CONSULTA: REST - GET /rest/?size=10&offset=500000

Response Time: 432.58 ms
TTFB: 432.58 ms
Payload Size: 43745 bytes
CPU Usage: 0.00 ms
Memory Usage: 25.53 MB
Errors: 0

====================================================

CONSULTA: REST - GET /rest/?size=10&offset=900000

Response Time: 710.20 ms
TTFB: 710.20 ms
Payload Size: 43867 bytes
CPU Usage: 16.00 ms
Memory Usage: 25.30 MB
Errors: 0

====================================================

CONSULTA: REST - GET /rest/?size=10&offset=999900

Response Time: 912.26 ms
TTFB: 912.26 ms
Payload Size: 43776 bytes
CPU Usage: 16.00 ms
Memory Usage: 25.36 MB
Errors: 0

====================================================
GraphQL solo 2 campos - Clientes y facturas
====================================================

CONSULTA: GraphQL - Obtener2Campos - limit 10 - offset 0

Response Time: 166.01 ms
TTFB: 151.46 ms
Payload Size: 19832 bytes
CPU Usage: 16.00 ms
Memory Usage: 23.36 MB
Errors: 0

====================================================

CONSULTA: GraphQL - Obtener2Campos - limit 100 - offset 0

Response Time: 306.02 ms
TTFB: 304.55 ms
Payload Size: 198070 bytes
CPU Usage: 78.00 ms
Memory Usage: 26.88 MB
Errors: 0

====================================================

CONSULTA: GraphQL - Obtener2Campos - limit 500 - offset 0

Response Time: 438.05 ms
TTFB: 442.01 ms
Payload Size: 990983 bytes
CPU Usage: 282.00 ms
Memory Usage: 35.69 MB
Errors: 0

====================================================

CONSULTA: GraphQL - Obtener2Campos - limit 1000 - offset 0

Response Time: 562.63 ms
TTFB: 570.61 ms
Payload Size: 1981908 bytes
CPU Usage: 218.00 ms
Memory Usage: 85.34 MB
Errors: 0

====================================================

CONSULTA: GraphQL - Obtener2Campos - limit 5000 - offset 0

Response Time: 1435.66 ms
TTFB: 1470.47 ms
Payload Size: 9911684 bytes
CPU Usage: 1078.00 ms
Memory Usage: 227.50 MB
Errors: 0

====================================================

CONSULTA: GraphQL - Obtener2Campos - limit 10000 - offset 0

Response Time: 2576.74 ms
TTFB: 2644.59 ms
Payload Size: 19832539 bytes
CPU Usage: 1688.00 ms
Memory Usage: 261.95 MB
Errors: 0

====================================================

CONSULTA: GraphQL - Obtener2Campos - limit 25000 - offset 0

Response Time: 5533.97 ms
TTFB: 5726.75 ms
Payload Size: 49556073 bytes
CPU Usage: 5328.00 ms
Memory Usage: 565.53 MB
Errors: 0

====================================================

CONSULTA: GraphQL - Obtener2Campos - limit 100000 - offset 0

Response Time: 17679.23 ms
TTFB: 18479.65 ms
Payload Size: 198292386 bytes
CPU Usage: 26031.00 ms
Memory Usage: 1837.94 MB
Errors: 0

====================================================

CONSULTA: GraphQL - Obtener2Campos - limit 250000 - offset 0

Response Time: 52601.94 ms
TTFB: 54589.40 ms
Payload Size: 495778284 bytes
CPU Usage: 97453.00 ms
Memory Usage: 4147.06 MB
Errors: 0

====================================================

CONSULTA: GraphQL - Obtener2Campos - limit 500000 - offset 0

FATAL ERROR: Ineffective mark-compacts near heap limit Allocation failed - JavaScript heap out of memory - Crasheo el proceso de Node, no genero log. 

====================================================
* Se probo con 7 gb de memoria RAM y se obtuvo el mismo resultado.
* node --max-old-space-size=7192 server.js

CONSULTA: GraphQL - Obtener2Campos - limit 500000 - offset 0

FATAL ERROR: Ineffective mark-compacts near heap limit Allocation failed - JavaScript heap out of memory - Crasheo el proceso de Node, no genero log. 

====================================================

CONCURRENCIA 

====================================================

CONSULTA: REST - 50 req/sec - 30 sec - size 50 cada request

--------------------------------
Summary report @ 15:13:04(-0600)
--------------------------------

http.codes.200: ................................................................ 1500
http.downloaded_bytes: ......................................................... 346332131
http.request_rate: ............................................................. 50/sec
http.requests: ................................................................. 1500
http.response_time:
  min: ......................................................................... 55
  max: ......................................................................... 706
  mean: ........................................................................ 89.8
  median: ...................................................................... 66
  p95: ......................................................................... 295.9
  p99: ......................................................................... 539.2
http.response_time.2xx:
  min: ......................................................................... 55
  max: ......................................................................... 706
  mean: ........................................................................ 89.8
  median: ...................................................................... 66
  p95: ......................................................................... 295.9
  p99: ......................................................................... 539.2
http.responses: ................................................................ 1500
vusers.completed: .............................................................. 1500
vusers.created: ................................................................ 1500
vusers.created_by_name.Consultar REST: ......................................... 1500
vusers.failed: ................................................................. 0
vusers.session_length:
  min: ......................................................................... 57.6
  max: ......................................................................... 709.7
  mean: ........................................................................ 94.4
  median: ...................................................................... 70.1
  p95: ......................................................................... 301.9
  p99: ......................................................................... 539.2

RAM MAXIMA 284.66 MB

====================================================

CONSULTA: REST - 100 req/sec - 30 sec - size 50 cada request

--------------------------------
Summary report @ 15:15:47(-0600)
--------------------------------

http.codes.200: ................................................................ 3000
http.downloaded_bytes: ......................................................... 692664326
http.request_rate: ............................................................. 100/sec
http.requests: ................................................................. 3000
http.response_time:
  min: ......................................................................... 58
  max: ......................................................................... 870
  mean: ........................................................................ 135.4
  median: ...................................................................... 104.6
  p95: ......................................................................... 314.2
  p99: ......................................................................... 354.3
http.response_time.2xx:
  min: ......................................................................... 58
  max: ......................................................................... 870
  mean: ........................................................................ 135.4
  median: ...................................................................... 104.6
  p95: ......................................................................... 314.2
  p99: ......................................................................... 354.3
http.responses: ................................................................ 3000
vusers.completed: .............................................................. 3000
vusers.created: ................................................................ 3000
vusers.created_by_name.Consultar REST: ......................................... 3000
vusers.failed: ................................................................. 0
vusers.session_length:
  min: ......................................................................... 61.7
  max: ......................................................................... 874
  mean: ........................................................................ 139.9
  median: ...................................................................... 111.1
  p95: ......................................................................... 320.6
  p99: ......................................................................... 361.5

RAM MAXIMA 390.45 MB

====================================================

CONSULTA: REST - 250 req/sec - 15 sec - size 50 cada request

--------------------------------
Summary report @ 15:19:10(-0600)
--------------------------------

errors.ECONNREFUSED: ........................................................... 787
errors.ERR_SOCKET_TIMEOUT: ..................................................... 1848
http.codes.200: ................................................................ 1115
http.downloaded_bytes: ......................................................... 257440319
http.request_rate: ............................................................. 165/sec
http.requests: ................................................................. 3750
http.response_time:
  min: ......................................................................... 244
  max: ......................................................................... 7996
  mean: ........................................................................ 4028
  median: ...................................................................... 3905.8
  p95: ......................................................................... 7709.8
  p99: ......................................................................... 7865.6
http.response_time.2xx:
  min: ......................................................................... 244
  max: ......................................................................... 7996
  mean: ........................................................................ 4028
  median: ...................................................................... 3905.8
  p95: ......................................................................... 7709.8
  p99: ......................................................................... 7865.6
http.responses: ................................................................ 1115
vusers.completed: .............................................................. 1115
vusers.created: ................................................................ 3750
vusers.created_by_name.Consultar REST: ......................................... 3750
vusers.failed: ................................................................. 2635
vusers.session_length:
  min: ......................................................................... 247.6
  max: ......................................................................... 8000.1
  mean: ........................................................................ 4033.2
  median: ...................................................................... 3905.8
  p95: ......................................................................... 7709.8
  p99: ......................................................................... 7865.6

RAM MAXIMA 594.26 MB

====================================================

CONSULTA: REST - 500 req/sec - 15 sec - size 50 cada request

--------------------------------
Summary report @ 15:23:15(-0600)
--------------------------------

errors.ECONNREFUSED: ........................................................... 5965
errors.ERR_SOCKET_TIMEOUT: ..................................................... 896
http.codes.200: ................................................................ 639
http.downloaded_bytes: ......................................................... 147537530
http.request_rate: ............................................................. 335/sec
http.requests: ................................................................. 7500
http.response_time:
  min: ......................................................................... 248
  max: ......................................................................... 8007
  mean: ........................................................................ 5841.8
  median: ...................................................................... 7557.1
  p95: ......................................................................... 8024.5
  p99: ......................................................................... 8024.5
http.response_time.2xx:
  min: ......................................................................... 248
  max: ......................................................................... 8007
  mean: ........................................................................ 5841.8
  median: ...................................................................... 7557.1
  p95: ......................................................................... 8024.5
  p99: ......................................................................... 8024.5
http.responses: ................................................................ 639
vusers.completed: .............................................................. 639
vusers.created: ................................................................ 7500
vusers.created_by_name.Consultar REST: ......................................... 7500
vusers.failed: ................................................................. 6861
vusers.session_length:
  min: ......................................................................... 274.5
  max: ......................................................................... 8022.8
  mean: ........................................................................ 5850.8
  median: ...................................................................... 7557.1
  p95: ......................................................................... 8024.5
  p99: ......................................................................... 8024.5

RAM MAXIMA 620.54 MB

====================================================

CONSULTA: GRAPHQL - 50 req/sec - 30 sec - size 50 cada request

--------------------------------
Summary report @ 15:42:13(-0600)
--------------------------------

http.codes.200: ................................................................ 1500
http.downloaded_bytes: ......................................................... 339447063
http.request_rate: ............................................................. 50/sec
http.requests: ................................................................. 1500
http.response_time:
  min: ......................................................................... 59
  max: ......................................................................... 747
  mean: ........................................................................ 109.4
  median: ...................................................................... 80.6
  p95: ......................................................................... 407.5
  p99: ......................................................................... 584.2
http.response_time.2xx:
  min: ......................................................................... 59
  max: ......................................................................... 747
  mean: ........................................................................ 109.4
  median: ...................................................................... 80.6
  p95: ......................................................................... 407.5
  p99: ......................................................................... 584.2
http.responses: ................................................................ 1500
vusers.completed: .............................................................. 1500
vusers.created: ................................................................ 1500
vusers.created_by_name.Consultar GraphQL: ...................................... 1500
vusers.failed: ................................................................. 0
vusers.session_length:
  min: ......................................................................... 62.9
  max: ......................................................................... 751.5
  mean: ........................................................................ 113.9
  median: ...................................................................... 83.9
  p95: ......................................................................... 407.5
  p99: ......................................................................... 596

RAM MAXIMA 345.96 MB

====================================================

CONSULTA: GRAPHQL - 100 req/sec - 30 sec - size 50 cada request

--------------------------------
Summary report @ 15:43:47(-0600)
--------------------------------

errors.ERR_SOCKET_TIMEOUT: ..................................................... 1358
http.codes.200: ................................................................ 1642
http.downloaded_bytes: ......................................................... 371581491
http.request_rate: ............................................................. 78/sec
http.requests: ................................................................. 3000
http.response_time:
  min: ......................................................................... 145
  max: ......................................................................... 7995
  mean: ........................................................................ 4029.2
  median: ...................................................................... 4065.2
  p95: ......................................................................... 7557.1
  p99: ......................................................................... 8024.5
http.response_time.2xx:
  min: ......................................................................... 145
  max: ......................................................................... 7995
  mean: ........................................................................ 4029.2
  median: ...................................................................... 4065.2
  p95: ......................................................................... 7557.1
  p99: ......................................................................... 8024.5
http.responses: ................................................................ 1642
vusers.completed: .............................................................. 1642
vusers.created: ................................................................ 3000
vusers.created_by_name.Consultar GraphQL: ...................................... 3000
vusers.failed: ................................................................. 1358
vusers.session_length:
  min: ......................................................................... 160.7
  max: ......................................................................... 7998.9
  mean: ........................................................................ 4033.4
  median: ...................................................................... 4065.2
  p95: ......................................................................... 7557.1
  p99: ......................................................................... 8024.5

RAM MAXIMA 581.04 MB

====================================================

CONSULTA: GRAPHQL - 250 req/sec - 15 sec - size 50 cada request

--------------------------------
Summary report @ 15:46:39(-0600)
--------------------------------

errors.ECONNREFUSED: ........................................................... 2077
errors.ERR_SOCKET_TIMEOUT: ..................................................... 1041
http.codes.200: ................................................................ 632
http.downloaded_bytes: ......................................................... 143020567
http.request_rate: ............................................................. 184/sec
http.requests: ................................................................. 3750
http.response_time:
  min: ......................................................................... 337
  max: ......................................................................... 7984
  mean: ........................................................................ 4494
  median: ...................................................................... 4867
  p95: ......................................................................... 7557.1
  p99: ......................................................................... 7865.6
http.response_time.2xx:
  min: ......................................................................... 337
  max: ......................................................................... 7984
  mean: ........................................................................ 4494
  median: ...................................................................... 4867
  p95: ......................................................................... 7557.1
  p99: ......................................................................... 7865.6
http.responses: ................................................................ 632
vusers.completed: .............................................................. 632
vusers.created: ................................................................ 3750
vusers.created_by_name.Consultar GraphQL: ...................................... 3750
vusers.failed: ................................................................. 3118
vusers.session_length:
  min: ......................................................................... 352.4
  max: ......................................................................... 7988.7
  mean: ........................................................................ 4500.3
  median: ...................................................................... 4867
  p95: ......................................................................... 7557.1
  p99: ......................................................................... 7865.6

RAM MAXIMA 797.91 MB

====================================================

CONSULTA: GRAPHQL - 500 req/sec - 15 sec - size 50 cada request

--------------------------------
Summary report @ 15:48:53(-0600)
--------------------------------

errors.ECONNREFUSED: ........................................................... 6300
errors.ERR_SOCKET_TIMEOUT: ..................................................... 764
http.codes.200: ................................................................ 436
http.downloaded_bytes: ......................................................... 98666037
http.request_rate: ............................................................. 335/sec
http.requests: ................................................................. 7500
http.response_time:
  min: ......................................................................... 253
  max: ......................................................................... 8006
  mean: ........................................................................ 5329
  median: ...................................................................... 6312.2
  p95: ......................................................................... 7865.6
  p99: ......................................................................... 8024.5
http.response_time.2xx:
  min: ......................................................................... 253
  max: ......................................................................... 8006
  mean: ........................................................................ 5329
  median: ...................................................................... 6312.2
  p95: ......................................................................... 7865.6
  p99: ......................................................................... 8024.5
http.responses: ................................................................ 436
vusers.completed: .............................................................. 436
vusers.created: ................................................................ 7500
vusers.created_by_name.Consultar GraphQL: ...................................... 7500
vusers.failed: ................................................................. 7064
vusers.session_length:
  min: ......................................................................... 279.5
  max: ......................................................................... 8009.3
  mean: ........................................................................ 5336.4
  median: ...................................................................... 6439.7
  p95: ......................................................................... 7865.6
  p99: ......................................................................... 8024.5

RAM MAXIMA 1155.79 MB